[    0.000000] Linux version 4.15.0-70-generic (buildd@lgw01-amd64-055) (ccversion 7.40 (Ubuntu 7.4.0-1ubuntu1~18.04.1)) #79-Ubuntu SMP Tue Nov 12 10:36:11 UTC 2019 (Ubuntu 4.15.0-70.79-generic 4.15.18)
[    0.000000] Comand line: BOOT_IMAE=/boot/mlinuz-4.1.070-generic root=UUID=ec65c21-9eb-4429-80be-a2d5fcf8bc5 ro console=ty1 consoe=tyS0
[   .000000] KERNEL supported cpus:
[    0.000000]  Intel GenuineIntel
[    0.000000]   AMD AuthenticAMD
[    0.000000]   Centau CentaurHauls
[    0.000000] x86/fpu: Supporting XSAVE feature 0x001 '87 floating point registers'
[    0.000000] x86/fpu: Supporting XSAVE feature 0x002: 'SSE registers'
[    0.00000] x86/fpu: Supporting XSAVE feature 0x004: 'AVX registers'
[    0.000000] x86/fpu: xstate_offset[2]:  576, xstate_sizes[2]:  256
[    0.000000] x86/fpu: Enabled xstate features 0x7, context size is 832 bytes, using 'standard' format.
[    0.000000] e820: BIOS-provided physical RAM map:
[    0.000000] BIOS-e820: [mem 0x0000000000000000-0x000000000009fbff] usable
[    0.000000] BIOS-e820: [mem 0x000000000009fc00-0x000000000009ffff] reserved
[    0.000000] BIOS-e820: [mem 0x00000000000f0000-0x00000000000fffff] reserved
[    0.000000] BIOS-e820: [mem 0x0000000000100000-0x000000003ffeffff] usable
[    0.000000] BIOS-e820: [mem 0x000000003fff0000-0x000000003fffffff] ACPI data
[    0.000000] BIOS-e820: [mem 0x00000000fec00000-0x00000000fec00fff] reserved
[    0.000000] BIOS-e820: [mem 0x00000000fee00000-0x00000000fee00fff] reserved
[    0.000000] BIOS-e820: [mem 0x00000000fffc0000-0x00000000ffffffff] reserved
[   0.000000] NX (Execute Disable) protection: active
[    0.000000] SMBIOS 2.5 present.
[    0.000000] DMI: innotek GmbH VirtualBox/VirtualBox, BIOS VirtualBox 12/01/2006
[    0.000000] Hypervisor detected: KVM
[    0.000000] e820: last_pfn  0x3fff0 max_arch_pfn = 0x400000000
[   0.0000] MTRR: Disabled
[    0.000000] x86/PAT: MTRRs disabled, skipping PAT initialization too.
[    0.000000] CPU MTRRs all blank - virtualized system.
[    0.000000] x86/PAT: Configuration [0-7]: WB  WT  UC- UC  WB  WT  UC- UC  
[    0.000000] found SMP MP-table at [mem 0x0009fff0-0x0009ffff]
[    0.000000] Scanning 1 areas for low memory corruption
[    .000000] RAMDISK: [mem 0x35983000-0x36cb8fff]
[    0.000000] ACPI: Early table checksum verification disabled
[    0.000000] ACPI: RSDP 0x00000000000E0000 000024 (v02 VBOX  )
[    0.000000] ACPI: XSDT 0x000000003FFF0030 00003C (v01 VBOX   VBOXXSDT 00000001 ASL  00000061)
[    0.000000] ACPI: FACP 0x000000003FFF00F0 0000F4 (v4 VBOX   VBOXAC 0000000 AL  00000061)
[    0.000000] ACPI: DSDT 0x000000003FFF0470 0021FF (v02 VBOX   VBOXBIOS 00000002 INTL 20100528)
[    0.000000] ACPI: FACS 0x000000003FFF0200 000040
[    0000000] ACPI: FACS 0x000000003FFF0200 000040
[    0.000000] ACPI: APIC 0x000000003FFF0240 00005C (v02 VBOX   VBOXAPIC 00000001 ASL  00000061)
[    0.000000] ACPI: SSDT 0x000000003FFF02A0 0001CC (v01 VBOX   VBOXCPUT 00000002 INTL 20100528)
[    0.000000] No NUMA configuration found
[    0.000000] Faking a node at [mem 0x0000000000000000-0x000000003ffeffff]
[    0.000000] NODE_DATA(0) allocated [mem 0x3ffc5000-0x3ffeffff]
[    0.000000] kvm-clock: cpu 0, msr 0:3ff44001, primary cpu clock
[    0.000000] kvm-clock: Using msrs 4b564d01 and 4b564d00
[    0.000000] kvm-clock: using sched offset of 4573271026 cycles
[    0.000000] clocksource: kvm-clock: mask: 0xffffffffffffffff max_cycles: 0x1cd42e4dffb, max_idle_ns: 881590591483 ns
[    0.000000] Zone ranges:
[   0.00000]   DMA     [mm 0x0000000000001000-0x0000000000ffffff]
[    0.000000]   DMA32    [mem 0x0000000001000000-0x000000003ffeffff]
[    0.000000]   Normal   empty
[    0.000000]   Device   empty
[    0.000000] Movable zone start for each node
[    0.000000] Early memory node ranges
[    0.000000]   node   0: [mem 0x0000000000001000-0x000000000009efff]
[    0000000]   noe   0: [mem 0x00000000100000-x00000003ffeffff]
[    0.00000 Reserved but uavilable: 98 pge
[    0.00000] Intmem setup od 0 [mem0x000000000001000-000000003ffeffff]
[   0.00000]ACPI: PM-Timer O ort: 0x4008
   0.000000] IOAPIC[0]: apc_d 2, version 2,address 0xfec00000, GSI 0-23
[    0.000000] ACPI: INT_SRC_OVR (bus 0 bus_irq 0 global_irq 2 dfl dfl)
[    0.000000] ACPI: INT_SRC_OVR (bus 0 bus_irq 9 global_irq 9 low level)
[    0.000000] Using ACPI (MADT) for SMP configuration information
[    0.000000] smpboot: Allowing 2 CPUs, 0 hotplug CPUs
[    0.000000] PM: Registered nosave memory: [mem 0x00000000-0x00000fff]
[    0.000000] PM: Registered nosave memory: [mem 0x0009f000-0x0009ffff]
[    0.000000] PM: Registered nosave memory: [mem 0x000a0000-0x000effff]
[    0.000000] PM: Registered nosave memory: [mem 0x000f0000-0x000fffff]
[    0.000000] e820: [mem 0x40000000-0xfebfffff] available for PCI devices
[    0.000000] Booting paravirtualized kernel on KVM
[    0.000000] clocksource: refined-jiffies: mask: 0xffffffff max_cycles: 0xffffffff, max_idle_ns: 7645519600211568 ns
[    0.000000] random: get_random_bytes called from start_kernel+0x99/0x4fd with crng_init=0
[    0.000000] setup_percpu: NR_CPUS:8192 nr_cpumask_bits:2 nr_cpu_ids:2 nr_node_ids:1
[    0.000000] percpu: Embedded 45 pages/cpu s147456 r8192 d28672 u1048576
[    0.000000] PV qspinlock hash table entries: 256 (order: 0, 4096 bytes)
[    0.000000] Built 1 zonelists, mobility grouping on.  Total pages: 257913
[    0.000000] Policy zone: DMA32
[    0.000000] Kernel command line: BOOT_IMAGE=/boot/vmlinuz-4.15.0-70-generic root=UUID=ec65c921-96eb-4429-80be-a2d5fcaf8bc5 ro console=tty1 console=ttyS0
[    0.000000] Memory: 982916K/1048120K available (12300K kernel code, 2481K rwdata, 4264K rodata, 2432K init, 2388K bss, 65204K reserved, 0K cma-reserved)
[    0.000000] SLUB: HWalign=64, Order=0-3, MinObjects=0, CPUs=2, Noes1
[   0.000000] Kernel/User page tabls solation: enabled
[   0.000000]ftrace: allocating 3915entries in 15 page
[    0004000] Hierarchica RCU implementation.
[    0.004000]	RU restricting CPUs fromNRCPUS=8192 to nr_cpu_id=2.
[    0.004000] 	Tasks RCUenbled.
[    0.004000] RCU: Ajuting gemery for rcu_fanout_leaf=16, nr_cpu_ids=2
[   0.004000] NR_IRQS: 5254, nr_irqs: 440, preallocated irqs: 16
[    0.004000] Console: colour VGA+ 80x25
[    0.004000] console [tty1] enabled
[    0.004000] console [ttyS0] enabed
[    0.004000] ACPI: Core revision 20170831
[    0.004000] CP: 2 ACPI ML tables successfully cquired and loaded
[    0.004000] APIC: Switch to symmetric I/O mode setup
[    0.004000] x2apic enabled
[    0.004000] Switched APIC routing to physical x2apic.
[    0.005065] ..TIMER: vector=0x30 apic1=0 pin1=2 apic2=-1 pin2=-1
[    0.008004] tsc: Detected 2599.998 MHz processor
[    0.012012] Calibrating delay loop (skippedd) preset value.. 5199.99 BogoMIPS (lpj=10399992)
[    0.016008] pid_max: default: 32768 minimum: 301
[    0.018297] Security Framework initialized
[    0.019925] Yama: becoming mindful.
[    0.020036] AppArmor: AppArmor initialized
[    0.024104] Dentry cache hash table entries: 131072 (order: 8, 1048576 bytes)
[    0.028091] Inode-cache hash table entries: 65536 (order: 7, 524288 bytes)
[    0.032050] Mount-cache hash table entries: 2048 (order: 2, 16384 bytes)
[    0.036011] Mountpoint-cache hash table entries: 2048 (order: 2, 16384 bytes)
[    0.040539] Last level iTLB entries: 4KB 1024, 2MB 1024, 4MB 1024
[    0.044004] Last level dTLB entries: 4KB 1024, 2MB 1024, 4MB 1024, 1GB 4
[    0.048004] Spectre V1 : Mitigation: usercopy/swapgs barriers and __user pointer sanitization
[    0.052004] Spectre V2 : Mitigation: Full generic retpoline
[    0.055275] Spectre V2 : Spectre v2 / SpectreRSB mitigation: Filling RSB on context switch
[    0.056003] Speculative Store Bypass: Vulnerable
[    0.058943] MDS: Vulnerable: Clear CPU buffers attempted, no microcode
[    0.060437] Freeing SMP alternatives memory: 36K
[    0.174746] smpboot: CPU0: Intel(R) Core(TM) i5-4278U CPU @ 2.60GHz (family: 0x6, model: 0x45, stepping: 0x1)
[    0.176106] Performance Events: unsupported p6 CPU model 69 no PMU driver, software events only.
[    0.180071] Hierarchical SRCU implementation.
[    0.184584] NMI watchdog: Perf event create on CPU 0 failed with -2
[    0.188003] NMI watchdog: Perf NMI watchdog permanently disabled
[    0.192057] smp: Bringing up secondary CPUs ...
[    0.196087] x86: Booting SMP configuration:
[    0.197590] .... node  #0, CPUs:      #1
[    0.004000] kvm-clock: cpu 1, msr 0:3ff44041, secondary cpu clock
[    0.203257] smp: Brought up 1 node, 2 CPUs
[    0.204008] smpboot: Max logical packages: 1
[    0.208005] smpboot: Total of 2 processors activated (10399.99 BogoMIPS)
[    0.212166] devtmpfs: initialized
[    0.213376] x86/mm: Memory block size: 128MB
[    0.216145] evm: security.selinux
[    0.220005] evm: security.SMACK64
[    0.224004] evm: security.SMACK64EXEC
[    0.228003] evm: security.SMACK64TRANSMUTE
[    0.232003] evm: security.SMACK64MMAP
[    0.236003] evm: security.apparmor
[    0.240003] evm: security.ima
[    0.244003] evm: security.capability
[    0.248107] clocksource: jiffies: mask: 0xffffffff max_cycles: 0xffffffff, max_idle_ns: 7645041785100000 ns
[    0.252017] futex hash table entries: 512 (order: 3, 32768 bytes)
[    0.257788] pinctrl core: initialized pinctrl subsystem
[    0.264020] RTC time:  4:03:12, date: 11/22/19
[    0.265839] NET: Registered protocol family 16
[    0.268075] audit: initializing netlink subsys (disabled)
[    0.272043] audit: type=2000 audit(1574395395.279:1): state=initialized audit_enabled=0 res=1
[    0.324008] cpuidle: using governor ladder
[    0.328009] cpuidle: using governor menu
[    0.332039] ACPI: bus type PCI registered
[    0.336004] acpiphp: ACPI Hot Plug PCI Controller Driver version: 0.5
[    0.344026] PCI: Using configuration type 1 for base access
[    0.352585] HugeTLB registered 2.00 MiB page size, pre-allocated 0 pages
[    0.356084] ACPI: Added _OSI(Module Device)
[    0.360009] ACPI: Added _OSI(Processor Device)
[    0.364006] ACPI: Added _OSI(3.0 _SCP Extensions)
[    0.368003] ACPI: Added _OSI(Processor Aggregator Device)
[    0.372004] ACPI: Added _OSI(Linux-Dell-Video)
[    0.376004] ACPI: Added _OSI(Linux-Lenovo-NV-HDMI-Audio)
[    0.380004] ACPI: Added _OSI(Linux-HPI-Hybrid-Graphics)
[    0.388390] ACPI: Executed 1 blocks of module-level executable AML code
[    0.399046] ACPI: Interpreter enabled
[    0.400017] ACPI: (supports S0 S5)
[    0.404003] ACPI: Using IOAPIC for interrupt routing
[    0.412126] PCI: Using host bridge windows from ACPI; if necessary, use "pci=nocrs" and report a bug
[    0.416267] ACPI: Enabled 2 GPEs in block 00 to 07
[    0.428704] ACPI: PCI Root Bridge [PCI0] (domain 0000 [bus 00-ff])
[    0.432009] acpi PNP0A03:00: _OSC: OS supports [ASPM ClockPM Segments MSI]
[    0.436031] acpi PNP0A03:00: _OSC: not requesting OS control; OS requires [ExtendedConfig ASPM ClockPM MSI]
[    0.440015] acpi PNP0A03:00: fail to add MMCONFIG information, can't access extended PCI configuration space under this bridge.
[    0.448484] PCI host bridge to bus 0000:00
[    0.452005] pci_bus 0000:00: root bus resource [io  0x0000-0x0cf7 window]
[    0.456004] pci_bus 0000:00: root bus resource [io  0x0d00-0xffff window]
[    0.460006] pci_bus 0000:00: root bus resource [mem 0x000a0000-0x000bffff window]
[    0.464004] pci_bus 0000:00: root bus resource [mem 0x40000000-0xfdffffff window]
[    0.465906] pci_bus 0000:00: root bus resource [bus 00-ff]
[    0.472689] pci 0000:00:01.1: legacy IDE quirk: reg 0x10: [io  0x01f0-0x01f7]
[    0.475146] pci 0000:00:01.1: legacy IDE quirk: reg 0x14: [io  0x03f6]
[    0.476012] pci 0000:00:01.1: legacy IDE quirk: reg 0x18: [io  0x0170-0x0177]
[    0.477790] pci 0000:00:01.1: legacy IDE quirk: reg 0x1c: [io  0x0376]
[    0.510713] pci 0000:00:07.0: quirk: [io  0x4000-0x403f] claimed by PIIX4 ACPI
[    0.516007] pci 0000:00:07.0: quirk: [io  0x4100-0x410f] claimed by PIIX4 SMB
[    0.545536] ACPI: PCI Interrupt Link [LNKA] (IRQs 5 9 10 *11)
[    0.549057] ACPI: PCI Interrupt Link [LNKB] (IRQs 5 9 *10 11)
[    0.552345] ACPI: PCI Interrupt Link [LNKC] (IRQs 5 *9 10 11)
[    0.556372] ACPI: PCI Interrupt Link [LNKD] (IRQs 5 9 10 *11)
[    0.560719] SCSI subsystem initialized
[    0.562752] pci 0000:00:02.0: vgaarb: setting as boot VGA device
[    0.563427] pci 0000:00:02.0: vgaarb: VGA device added: decodes=io+mem,owns=io+mem,locks=none
[    0.564015] pci 0000:00:02.0: vgaarb: bridge control possible
[    0.568003] vgaarb: loaded
[    0.569062] ACPI: bus type USB registered
[    0.572047] usbcore: registered new interface driver usbfs
[    0.576035] usbcore: registered new interface driver hub
[    0.580027] usbcore: registered new device driver usb
[    0.588042] EDAC MC: Ver: 3.0.0
[    0.592530] PCI: Using ACPI for IRQ routing
[    0.600425] NetLabel: Initializing
[    0.604003] NetLabel:  domain hash size = 128
[    0.608002] NetLabel:  protocols = UNLABELED CIPSOv4 CALIPSO
[    0.612033] NetLabel:  unlabeled traffic allowed by default
[    0.616250] clocksource: Switched to clocksource kvm-clock
[    0.63756]VF: is qots qut_6..0
[   .8497]VFS: qut-cahe hshtale entrie: 512 (order 0, 409 bte)[   1.290133] AppArmo: pprmor Fiesstm Enaled
[    1.520961] pnp: PnP ACPI init
[    1.523557] pnp: PnP ACPI: found 3 devices

[    1.541957] clocksource: acpi_pm: mask: 0xffffff max_cycles: 0xffffff, max_idle_ns: 2085701024 ns
[    1.546950] NET: Registered protocol family 2
[    1.549695] TCP established hash table entries: 8192 (order: 4, 65536 bytes)
[    1.553740] TCP bind hash table entries: 8192 (order: 5, 131072 bytes)
[    1.559379] TCP: Hash tables configured (established 8192 bind 8192)
[    1.563353] UDP hash table entries: 512 (order: 2, 16384 bytes)
[    1.566553] UDP-Lite hash table entries: 512 (order: 2, 16384 bytes)
[    1.570857] NET: Registered protocol family 1
[    1.573393] pci 0000:00:00.0: Limiting direct PCI/PCI transfers
[    1.577016] pci 0000:00:01.0: Activating ISA DMA hang workarounds
[    1.580306] pci 0000:00:02.0: Video device with shadowed ROM at [mem 0x000c0000-0x000dffff]
[    1.585224] Unpacking initramfs...
[    1.901407] Freeing initrd memory: 19672K
[    1.927602] clocksource: tsc: mask: 0xffffffffffffffff max_cycles: 0x257a3a7b45f, max_idle_ns: 440795312762 ns
[    2.021600] platform rtc_cmos: registered platform RTC device (no PNP device found)
[    2.054219] Scanning for low memory corruption every 60 seconds
[    2.100990] Initialise system trusted keyrings
[    2.120191] Key type blacklist registered
[    2.144743] workingset: timestamp_bits=36 max_order=18 bucket_order=0
[    2.170216] zbud: loaded
[    2.185209] squashfs: version 4.0 (2009/01/31) Phillip Lougher
[    2.194467] fuse init (API version 7.26)
[    2.217569] Key type asymmetric registered
[    2.218690] Asymmetric key parser 'x509' registered
[    2.220002] Block layer SCSI generic (bsg) driver version 0.4 loaded (major 246)
[    2.222160] io scheduler noop registered
[    2.223229] io scheduler deadline registered
[    2.224637] io scheduler cfq registered (default)
[    2.226447] ACPI: AC Adapter [AC] (off-line)
[    2.227706] input: Power Button as /devices/LNXSYSTM:00/LNXPWRBN:00/input/input0
[    2.229788] ACPI: Power Button [PWRF]
[    2.230903] input: Sleep Button as /devices/LNXSYSTM:00/LNXSLPBN:00/input/input1
[    2.233033] ACPI: Sleep Button [SLPF]
[    2.248054] ACPI: Battery Slot [BAT0] (battery present)
[    2.267595] Serial: 8250/16550 driver, 32 ports, IRQ sharing enabled
[    2.302249] 00:02: ttyS0 at I/O 0x3f8 (irq = 4, base_baud = 115200) is a 16550A
[    2.317097] Linux agpgart interface v0.103
[    2.322033] loop: module loaded
[    2.323764] scsi host0: ata_piix
[    2.336881] scsi host1: ata_piix
[    2.353295] ata1: PATA max UDMA/33 cmd 0x1f0 ctl 0x3f6 bmdma 0xd000 irq 14
[    2.361275] ata2: PATA max UDMA/33 cmd 0x170 ctl 0x376 bmdma 0xd008 irq 15
[    2.405031] libphy: Fixed MDIO Bus: probed
[    2.406256] tun: Universal TUN/TAP device driver, 1.6
[    2.429475] PPP generic driver version 2.4.2
[    2.448457] ehci_hcd: USB 2.0 'Enhanced' Host Controller (EHCI) Driver
[    2.458637] ehci-pci: EHCI PCI platform driver
[    2.464772] ehci-platform: EHCI generic platform driver
[    2.503967] ohci_hcd: USB 1.1 'Open' Host Controller (OHCI) Driver
[    2.553101] ohci-pci: OHCI PCI platform driver
[    2.580575] ohci-platform: OHCI generic platform driver
[    2.597955] uhci_hcd: USB Universal Host Controller Interface driver
[   2.601415] i8042: PNP: PS/2 Controller [PNP0303:PS2K,PNP0f03:PS2M] at 0x60,0x64 irq 1,12
[    2.628534] serio: i8042 KBD port at 0x60,0x64 irq 1
[    2.629952] serio: i8042 AUX port at 0x60,064 irq 12

[    2.658674] mousedev: PS/2 mouse device common for all mice
[    2.665089] input: AT Translated Set 2 keyboard as /devices/platform/i8042/serio0/input/input2
[    2.668177] rtc_cmos rtc_cmos: rtc core: registered rtc_cmos as rtc0
[    2.675565] rtc_cmos rtc_cmos: alarms up to one day, 114 bytes nvram
[    2.679200] i2c /dev entries driver
[    2.681706] device-mapper: uevent: version 1.0.3
[    2.686479] device-mapper: ioctl: 4.37.0-ioctl (2017-09-20) initialised: dm-devel@redhat.com
[    2.692678] ledtrig-cpu: registered to indicate activity on CPUs
[    2.697217] NET: Registered protocol family 10
[    2.708599] Segment Routing with IPv6
[    2.710449] NET: Registered protocol family 17
[    2.713366] Key type dns_resolver registered
[    2.716379] mce: Using 0 MCE banks
[    2.718410] RAS: Correctable Errors collector initialized.
[    2.721514] sched_clock: Marking stable (2721480242, 0)->(6787475747, -4065995505)
[    2.733513] registered taskstats version 1
[    2.744410] Loading compiled-in X.509 certificates
[    2.757867] Loaded X.509 cert 'Build time autogenerated kernel key: 1859b0531897959199376c446a0bd70df75fd1fc'
[    2.791101] zswap: loaded using pool lzo/zbud
[    2.813620] Key type big_key registered
[    2.834190] Key type trusted registered
[    2.839128] Key type encrypted registered
[    2.845593] AppArmor: AppArmor sha1 policy hashing enabled
[    2.868064] ima: No TPM chip found, activating TPM-bypass! (rc=-19)
[    2.900401] ima: Allocated hash algorithm: sha1
[    2.921309] evm: HMAC attrs: 0x1
[    2.937661]   Magic number: 11:618:60
[    2.956460] rtc_cmos rtc_cmos: setting system clock to 2019-11-22 04:03:15 UTC (1574395395)
[    2.984262] BIOS EDD facility v0.16 2004-Jun-25, 0 devices found
[    3.008417] EDD information not available.
[    3.026749] Freeing unused kernel image memory: 2432K
[    3.056070] Write protecting the kernel read-only data: 20480k
[    3.073119] Freeing unused kernel image memory: 2008K
[    3.098360] Freeing unused kernel image memory: 1880K
[    3.131510] x86/mm: Checked W+X mappings: passed, no W+X pages found.
[    3.161926] x86/mm: Checking user space page tables
[    3.197567] x86/mm: Checked W+X mappings: passed, no W+X pages found.
Loading, please wait...
starting version 237
[    3.291142] e1000: Intel(R) PRO/1000 Network Driver - version 7.3.21-k8-NAPI
[    3.298139] e1000: Copyright (c) 1999-2006 Intel Corporation.
[    3.312428] Fusion MPT base driver 3.04.20
[    3.313996] Copyright (c) 1999-2008 LSI Corporation
[    3.324760] AVX2 version of gcm_enc/dec engaged.
[    3.326086] AES CTR mode by8 optimization enabled
[    3.343495] Fusion MPT SPI Host driver 3.04.20
[    3.530914] input: ImExPS/2 Generic Explorer Mouse as /devices/platform/i8042/serio1/input/input4
[    3.774345] e1000 0000:00:03.0 eth0: (PCI:33MHz:32-bit) 02:82:7a:7b:51:94
[    3.778343] e1000 0000:00:03.0 eth0: Intel(R) PRO/1000 Network Connection
[    3.784866] mptbase: ioc0: Initiating bringup
[    3.881005] ioc0: LSI53C1030 A0: Capabilities={Initiator}
[    4.167868] scsi host2: ioc0: LSI53C1030 A0, FwRev=00000000h, Ports=1, MaxQ=256, IRQ=20
[    4.425986] scsi 2:0:0:0: Direct-Access     VBOX     HARDDISK         1.0  PQ: 0 ANSI: 5
[    4.584120] scsi target2:0:0: Beginning Domain Validation
[    4.588321] scsi target2:0:0: Domain Validation skipping write tests
[    4.590620] scsi target2:0:0: Ending Domain Validation
[    4.592644] scsi target2:0:0: asynchronous
[    4.594944] scsi 2:0:1:0: Direct-Access     VBOX     HARDDISK         1.0  PQ: 0 ANSI: 5
[    4.824532] scsi target2:0:1: Beginning Domain Validation
[    4.842981] random: fast init done
[    4.845744] scsi target2:0:1: Domain Validation skipping write tests
[    4.848968] scsi target2:0:1: Ending Domain Validation
[    4.851484] scsi target2:0:1: asynchronous
[    4.858402] random: systemd-udevd: uninitialized urandom read (16 bytes read)
[    4.861820] random: systemd-udevd: uninitialized urandom read (16 bytes read)
[    4.863757] random: systemd-udevd: uninitialized urandom read (16 bytes read)
[    4.864077] e1000 0000:00:08.0 eth1: (PCI:33MHz:32-bit) 08:00:27:c6:f4:33
[    4.868886] e1000 0000:00:08.0 eth1: Intel(R) PRO/1000 Network Connection
[    4.874437] sd 2:0:0:0: Attached scsi generic sg0 type 0
[    4.890260] sd 2:0:0:0: [sda] 20971520 512-byte logical blocks: (10.7 GB/10.0 GiB)
[    4.892693] e1000 0000:00:08.0 enp0s8: renamed from eth1
[    4.904875] sd 2:0:0:0: [sda] Write Protect is off
[    4.908474] sd 2:0:1:0: Attached scsi generic sg1 type 0
[    4.911940] sd 2:0:0:0: [sda] Incomplete mode parameter data
[    4.915730] sd 2:0:0:0: [sda] Assuming drive cache: write through
[    4.921245] sd 2:0:1:0: [sdb] 20480 512-byte logical blocks: (10.5 MB/10.0 MiB)
[    4.927064] sd 2:0:1:0: [sdb] Write Protect is off
[    4.935154] sd 2:0:1:0: [sdb] Incomplete mode parameter data
[    4.941917] sd 2:0:1:0: [sdb] Assuming drive cache: write through
[    4.951749]  sda: sda1
[    4.959769] e1000 0000:00:03.0 enp0s3: renamed from eth0
[    4.994351] sd 2:0:0:0: [sda] Attached SCSI disk
[    4.996490] sd 2:0:1:0: [sdb] Attached SCSI disk
Begin: Loading essential drivers ... [    6.501803] raid6: sse2x1   gen() 10652 MB/s
[    6.566149] raid6: sse2x1   xor()  7552 MB/s
[    6.638073] raid6: sse2x2   gen() 12522 MB/s
[    6.704468] raid6: sse2x2   xor()  7958 MB/s
[    6.764648] raid6: sse2x4   gen() 14337 MB/s
[    6.828519] raid6: sse2x4   xor()  9079 MB/s
[    6.900496] raid6: avx2x1   gen() 19894 MB/s
[    6.968375] raid6: avx2x1   xor() 13483 MB/s
[    7.024237] raid6: avx2x2   gen() 22752 MB/s
[    7.084208] raid6: avx2x2   xor() 11261 MB/s
[    7.136267] raid6: avx2x4   gen()  7607 MB/s
[    7.188107] raid6: avx2x4   xor()  5018 MB/s
[    7.216643] raid6: using algorithm avx2x2 gen() 22752 MB/s
[    7.248656] raid6: .... xor() 11261 MB/s, rmw enabled
[    7.262922] raid6: using avx2x2 recovery algorithm
[    7.269162] xor: automatically using best checksumming function   avx       
[    7.273959] async_tx: api initialized (async)
done.
Begin: Running /scripts/init-premount ... done.
Begin: Mounting root file system ... Begin: Running /scripts/local-top ... done.
Begin: Running /scripts/local-premount ... [    7.413975] Btrfs loaded, crc32c=crc32c-intel
Scanning for Btrfs filesystems
done.
Warning: fsck not present, so skipping root file system
[    7.488141] EXT4-fs (sda1): mounted filesystem with ordered data mode. Opts: (null)
done.
Begin: Running /scripts/local-bottom ... done.
Begin: Running /scripts/init-bottom ... done.
[    7.795265] ip_tables: (C) 2000-2006 Netfilter Core Team
[    7.816930] systemd[1]: systemd 237 running in system mode. (+PAM +AUDIT +SELINUX +IMA +APPARMOR +SMACK +SYSVINIT +UTMP +LIBCRYPTSETUP +GCRYPT +GNUTLS +ACL +XZ +LZ4 +SECCOMP +BLKID +ELFUTILS +KMOD -IDN2 +IDN -PCRE2 default-hierarchy=hybrid)
[    7.834940] systemd[1]: Detected virtualization oracle.
[    7.836830] systemd[1]: Detected architecture x86-64.

Welcome to [1mUbuntu 18.04.3 LTS[0m!

[    7.852455] systemd[1]: Set hostname to <ubuntu-bionic>.
[    8.278351] systemd[1]: Created slice System Slice.
[[0;32m  OK  [0m] Created slice System Slice.
[    8.287018] systemd[1]: Set up automount Arbitrary Executable File Formats File System Automount Point.
[[0;32m  OK  [0m] Set up automount Arbitrary Executab…rmats File System Automount Point.
[    8.316084] systemd[1]: Listening on Journal Socket (/dev/log).
[[0;32m  OK  [0m] Listening on Journal Socket (/dev/log).
[    8.321330] systemd[1]: Listening on udev Control Socket.
[[0;32m  OK  [0m] Listening on udev Control Socket.
[    8.344302] systemd[1]: Listening on Network Service Netlink Socket.
[[0;32m  OK  [0m] Listening on Network Service Netlink Socket.
[    8.359950] systemd[1]: Started Forward Password Requests to Wall Directory Watch.
[[0;32m  OK  [0m] Started Forward Password Requests to Wall Directory Watch.
[[0;32m  OK  [0m] Listening on Syslog Socket.
[[0;32m  OK  [0m] Created slice User and Session Slice.
[[0;32m  OK  [0m] Listening on LVM2 poll daemon socket.
[[0;32m  OK  [0m] Listening on udev Kernel Socket.
[[0;32m  OK  [0m] Listening on Device-mapper event daemon FIFOs.
[[0;32m  OK  [0m] Reached target Swap.
[[0;32m  OK  [0m] Listening on /dev/initctl Compatibility Named Pipe.
[[0;32m  OK  [0m] Listening on Journal Socket.
         Starting Load Kernel Modules...
         Starting Uncomplicated firewall...
         Mounting Huge Pages File System...
[    8.527901] Loading iSCSI transport class v2.0-870.
         Mounting Kernel Debug File System...
         Startin[    8.555263] iscsi: registered transport (tcp)
g Set the console keyboard layout...
         Starting Remount Root and Kernel File Systems...
         Mounting POSIX Message Queue File System...
         Starting Create list of required st…ce nodes for the current kernel...
[[0;32m  OK  [0m] Reached target System Time Synchronized.
[[0;32m  OK  [0m] Listening on LVM2 metadata daemon socket.
         Starting Monitoring of LVM2 mirrors…ng dmeventd or progress polling...
[[0;32m  OK  [0m] Created slice system-serial\x2dgetty.slice.
[[0;32m  OK  [0m] Listening on[    8.613799] iscsi: registered transport (iser)
 Journal Audit Socket.
         Starting Journal Service...
[[0;32m  OK  [0m] Reached target User and Group Name Lookups.
[[0;32m  OK  [0m] Reached target Slices.
         Starting udev Coldplug [    8.692801] EXT4-fs (sda1): re-mounted. Opts: (null)
all Devices...
[[0;32m  OK  [0m] Started Load Kernel Modules.
[[0;32m  OK  [0m] Started Uncomplicated firewall.
[[0;32m  OK  [0m] Mounted Huge Pages File System.
[[0;32m  OK  [0m] Mounted Kernel Debug File System.
[[0;32m  OK  [0m] Started Remount Root and Kernel File Systems.
[[0;32m  OK  [0m] Mounted POSIX Message Queue File System.
[[0;32m  OK  [0m] Started Create list of required sta…vice nodes for the current kernel.
[[0;32m  OK  [0m] Started Journal Service.
[[0;32m  OK  [0m] Started LVM2 metadata daemon.
         Starting Create Static Device Nodes in /dev...
         Starting Load/Save Random Seed...
         Starting Flush Journal to Persistent Storage...
         Starting Apply Kernel Variables...
         Mounting Kernel Configuration File System...
         Mounting FUSE Control File System...
[[0;32m  OK  [0m] Started Monitoring of LVM2 mirrors,…sing dmeventd or progress polling.
[[0;32m  OK  [0m] Started udev Coldplug all Devices.
[[0;32m  OK  [0m] Started Create Static Device Nodes in /dev.
[[0;32m  OK  [0m] Started Load/Save Random Seed.
[[0;32m  OK  [0m] Started Apply Kernel Variables.
[[0;32m  OK  [0m] Started Set the console keyboard layout.
[[0;32m  OK  [0m] Mounted Kernel Configuration File System.
[[0;32m  OK  [0m] Mounted FUSE Control File System.
         Starting udev Kernel Device Manager...
[[0;32m  OK  [0m] Reached target Local File Systems (Pre).
[[0;32m  OK  [0m] Reached target Local File Systems.
         Starting Set console font and keymap...
         Starting ebtables ruleset management...
         Starting AppArmor initialization...
         Starting Tell Plymouth To Write Out Runtime Data...
[[0;32m  OK  [0m] Started udev Kernel Device Manager.
[[0;32m  OK  [0m] Started Dispatch Password Requests to Console Directory Watch.
[[0;32m  OK  [0m] Reached target Local Encrypted Volumes.
[[0;32m  OK  [0m] Started Set console font and keymap.
[[0;32m  OK  [0m] Started Tell Plymouth To Write Out Runtime Data.
[[0;32m  OK  [0m] Started ebtables ruleset management.
[[0;32m  OK  [0m] Started Flush Journal to Persistent Storage.
         Starting Create Volatile Files and Directories...
[[0;32m  OK  [0m] Started Create Volatile Files and Directories.
[[0;32m  OK  [0m] Found device /dev/ttyS0.
         Starting Update UTMP about System Boot/Shutdown...
[[0;32m  OK  [0m] Started Update UTMP about System Boot/Shutdown.
[[0;32m  OK  [0m] Listening on Load/Save RF Kill Switch Status /dev/rfkill Watch.
[[0;32m  OK  [0m] Started AppArmor initialization.
         Starting Initial cloud-init job (pre-networking)...
[   11.008440] cloud-init[529]: Cloud-init v. 19.2-36-g059d049c-0ubuntu1~18.04.1 running 'init-local' at Fri, 22 Nov 2019 04:03:23 +0000. Up 10.78 seconds.
[[0;32m  OK  [0m] Started Initial cloud-init job (pre-networking).
[[0;32m  OK  [0m] Reached target Network (Pre).
         Starting Network Service...
[[0;32m  OK  [0m] Started Network Service.
         Starting Wait for Network to be Configured...
         Starting Network Name Resolution...
[[0;32m  OK  [0m] Started Network Name Resolution.
[[0;32m  OK  [0m] Reached target Network.
[[0;32m  OK  [0m] Reached target Host and Network Name Lookups.
[[0;32m  OK  [0m] Started Wait for Network to be Configured.
         Starting Initial cloud-init job (metadata service crawler)...
[   13.702101] cloud-init[705]: Cloud-init v. 19.2-36-g059d049c-0ubuntu1~18.04.1 running 'init' at Fri, 22 Nov 2019 04:03:26 +0000. Up 13.55 seconds.
[   13.715552] cloud-init[705]: ci-info: ++++++++++++++++++++++++++++++++++++++Net device info+++++++++++++++++++++++++++++++++++++++
[   13.727375] cloud-init[705]: ci-info: +--------+------+-----------------------------+---------------+--------+-------------------+
[   13.760479] cloud-init[705]: ci-info: | Device |  Up  |           Address           |      Mask     | Scope  |     Hw-Address    |
[   13.792977] cloud-init[705]: ci-info: +--------+------+-----------------------------+---------------+--------+-------------------+
[   13.804495] cloud-init[705]: ci-info: | enp0s3 | True |          10.0.2.15          | 255.255.255.0 | global | 02:82:7a:7b:51:94 |
[   13.836459] cloud-init[705]: ci-info: | enp0s3 | True |  fe80::82:7aff:fe7b:5194/64 |       .       |  link  | 02:82:7a:7b:51:94 |
[   13.846344] cloud-init[705]: ci-info: | enp0s8 | True |        192.168.33.10        | 255.255.255.0 | global | 08:00:27:c6:f4:33 |
[   13.854134] cloud-init[705]: ci-info: | enp0s8 | True | fe80::a00:27ff:fec6:f433/64 |       .       |  link  | 08:00:27:c6:f4:33 |
[   13.861217] cloud-init[705]: ci-info: |   lo   | True |          127.0.0.1          |   255.0.0.0   |  host  |         .         |
[   13.907818] cloud-init[705]: ci-info: |   lo   | True |           ::1/128           |       .       |  host  |         .         |
[[   13.953240] cloud-init[705]: ci-info: +--------+------+-----------------------------+---------------+--------+-------------------+
[   13.953505] cloud-init[705]: ci-info: +++++++++++++++++++++++++++++Route IPv4 info+++++++++++++++++++++++++++++
[   13.955221] cloud-init[705]: ci-info: +-------+--------------+----------+-----------------+-----------+-------+
[0;32m  OK  [0m] Started Initial cloud-init job (metadata service crawler).
[   13.956172] cloud-init[705]: ci-info: | Route | Destination  | Gateway  |     Genmask     | Interface | Flags |
[   13.969936] cloud-init[705]: ci-info: +-------+--------------+----------+-----------------+-----------+-------+
[   13.973462] cloud-init[705]: ci-info: |   0   |   0.0.0.0    | 10.0.2.2 |     0.0.0.0     |   enp0s3  |   UG  |
[   13.977074] cloud-init[705]: ci-info: |   1   |   10.0.2.0   | 0.0.0.0  |  255.255.255.0  |   enp0s3  |   U   |
[   13.977241] cloud-init[705]: ci-info: |   2   |   10.0.2.2   | 0.0.0.0  | 255.255.255.255 |   enp0s3  |   UH  |
[[   13.978146] [0;32m  OK  [0mcloud-init] [705]: Reached target System Initialization.ci-info: |   3   | 192.168.33.0 | 0.0.0.0  |  255.255.255.0  |   enp0s8  |   U   |

[   13.978799] [cloud-init[0;32m  OK  [0m[705]: ] ci-info: +-------+--------------+----------+-----------------+-----------+-------+Listening on Open-iSCSI iscsid Socket.

[[0;32m  OK  [0m] Started Discard unused blocks once a week.[   14.018906] cloud-init[705]: ci-info: +++++++++++++++++++Route IPv6 info+++++++++++++++++++
[   14.023945] cloud-init[705]: ci-info: +-------+-------------+---------+-----------+-------+

[   14.024101] cloud-init[705]: ci-info: | Route | Destination | Gateway | Interface | Flags |
[   14.049104] cloud-init[705]: ci-info: +-------+-------------+---------+-----------+-------+
[   14.049339] cloud-init[705]: ci-info: |   1   |  fe80::/64  |    ::   |   enp0s8  |   U   |
[[0;32m  OK  [0m] Started Daily apt download activities.
[   14.051027] cloud-init[705]: ci-info: |   2   |  fe80::/64  |    ::   |   enp0s3  |   U   |
[[   14.128601] cloud-init[705]: ci-info: |   4   |    local    |    ::   |   enp0s3  |   U   |
[0;32m  OK  [0m] Started Message of the Day.
[   14.129163] cloud-init[705]: ci-info: |   5   |    local    |    ::   |   enp0s8  |   U   |
         [   14.180219] cloud-init[705]: ci-info: |   6   |   ff00::/8  |    ::   |   enp0s8  |   U   |
[   14.180828] cloud-init[705]: ci-info: |   7   |   ff00::/8  |    ::   |   enp0s3  |   U   |
Starting Socket activation for snappy daemon.[   14.182290] 
cloud-init[705]: ci-info: +-------+-------------+---------+-----------+-------+
         Starting LXD - unix socket.
[[0;32m  OK  [0m] Listening on D-Bus System Message Bus Socket.
[[0;32m  OK  [0m] Started Daily apt upgrade and clean activities.
[[0;32m  OK  [0m] Listening on ACPID Listen Socket.
[[0;32m  OK  [0m] Listening on UUID daemon activation socket.
[[0;32m  OK  [0m] Started Daily Cleanup of Temporary Directories.
[[0;32m  OK  [0m] Reached target Timers.
[[0;32m  OK  [0m] Started ACPI Events Check.
[[0;32m  OK  [0m] Reached target Paths.
[[0;32m  OK  [0m] Reached target Network is Online.
[[0;32m  OK  [0m] Reached target Remote File Systems (Pre).
[[0;32m  OK  [0m] Reached target Remote File Systems.
         Starting Availability of block devices...
[[0;32m  OK  [0m] Reached target Cloud-config availability.
[[0;32m  OK  [0m] Listening on Socket activation for snappy daemon.
[[0;32m  OK  [0m] Listening on LXD - unix socket.
[[0;32m  OK  [0m] Started Availability of block devices.
[[0;32m  OK  [0m] Reached target Sockets.
[[0;32m  OK  [0m] Reached target Basic System.
         Starting Dispatcher daemon for systemd-networkd...
         Starting vboxadd.service...
         Starting OpenBSD Secure Shell server...
         Starting System Logging Service...
         Starting Accounts Service...
[[0;32m  OK  [0m] Started Regular background program processing daemon.
         Starting Login Service...
[[0;32m  OK  [0m] Started Deferred execution scheduler.
         Starting LSB: Record successful boot for GRUB...
         Starting LSB: automatic crash report generation...
[[0;32m  OK  [0m] Started irqbalance daemon.
[[0;32m  OK  [0m] Started FUSE filesystem for LXC.
         Starting LXD - container startup/shutdown...
         Starting Permit User Sessions...
[[0;32m  OK  [0m] Started D-Bus System Message Bus.
[[0;32m  OK  [0m] Started Login Service.
[[0;32m  OK  [0m] Started Unattended Upgrades Shutdown.
         Starting Snappy daemon...
[[0;32m  OK  [0m] Started System Logging Service.
[[0;32m  OK  [0m] Started Permit User Sessions.
         Starting Hold until boot process finishes up...
         Starting Terminate Plymouth Boot Screen...
[[0;32m  OK  [0m] Started OpenBSD Secure Shell server.
[[0;32m  OK  [0m] Started Hold until boot process finishes up.
[[0;32m  OK  [0m] Started Terminate Plymouth Boot Screen.
[[0;32m  OK  [0m] Started Serial Getty on ttyS0.
         Starting Set console scheme...
[[0;32m  OK  [0m] Started LXD - container startup/shutdown.
         Starting Authorization Manager...
[[0;32m  OK  [0m] Started Set console scheme.
[[0;32m  OK  [0m] Started LSB: automatic crash report generation.
[[0;32m  OK  [0m] Created slice system-getty.slice.
[[0;32m  OK  [0m] Started Getty on tty1.
[[0;32m  OK  [0m] Reached target Login Prompts.
[[0;32m  OK  [0m] Started Authorization Manager.
[[0;32m  OK  [0m] Started Accounts Service.
[[0;32m  OK  [0m] Started LSB: Record successful boot for GRUB.
[[0;32m  OK  [0m] Created slice User Slice of vagrant.
         Starting User Manager for UID 1000...
[[0;32m  OK  [0m] Started Session 1 of user vagrant.
[[0;32m  OK  [0m] Started Dispatcher daemon for systemd-networkd.
[[0;32m  OK  [0m] Started User Manager for UID 1000.
[[0;32m  OK  [0m] Started vboxadd.service.
         Starting vboxadd-service.service...
[[0;32m  OK  [0m] Started Snappy daemon.
         Starting Wait until snapd is fully seeded...
[[0;32m  OK  [0m] Started vboxadd-service.service.
[[0;32m  OK  [0m] Started Wait until snapd is fully seeded.
[[0;32m  OK  [0m] Reached target Multi-User System.
[[0;32m  OK  [0m] Reached target Graphical Interface.
         Starting Update UTMP about System Runlevel Changes...
         Starting Apply the settings specified in cloud-config...
[[0;32m  OK  [0m] Started Update UTMP about System Runlevel Changes.
[   16.726692] cloud-init[1163]: Cloud-init v. 19.2-36-g059d049c-0ubuntu1~18.04.1 running 'modules:config' at Fri, 22 Nov 2019 04:03:29 +0000. Up 16.61 seconds.
[[0;32m  OK  [0m] Started Apply the settings specified in cloud-config.
         Starting Execute cloud user/final scripts...
[   17.527166] cloud-init[1244]: Cloud-init v. 19.2-36-g059d049c-0ubuntu1~18.04.1 running 'modules:final' at Fri, 22 Nov 2019 04:03:29 +0000. Up 17.39 seconds.
[   17.531483] cloud-init[1244]: Cloud-init v. 19.2-36-g059d049c-0ubuntu1~18.04.1 finished at Fri, 22 Nov 2019 04:03:30 +0000. Datasource DataSourceNoCloud [seed=/dev/sdb][dsmode=net].  Up 17.51 seconds
[[0;32m  OK  [0m] Started Execute cloud user/final scripts.
[[0;32m  OK  [0m] Reached target Cloud-init target.

Ubuntu 18.04.3 LTS ubuntu-bionic ttyS0

ubuntu-bionic login: 